2020-05-26 16:49:44,468 Logged user: jason_mckozijash
2020-05-26 16:49:44,471 Like count: 2
2020-05-26 16:49:44,472 Sleep time: 5000
2020-05-26 16:49:44,472 Liking hashtag: hightatras
2020-05-26 16:50:00,917 Round liked: 2 posts
2020-05-26 16:50:00,917 Waiting for 5000 seconds till 2020-05-26 18:13:20.917407
2020-05-26 19:36:20,847 Logged user: jason_mckozijash
2020-05-26 19:36:20,851 Like count: 2
2020-05-26 19:36:20,851 Sleep time: 5009
2020-05-26 19:36:20,852 Liking hashtag: backpacking
2020-05-26 19:36:40,233 Round liked: 2 posts
2020-05-26 19:36:40,234 Waiting for 5009 seconds till 2020-05-26 21:00:09.233627
2020-05-26 21:00:21,266 Logged user: jason_mckozijash
2020-05-26 21:00:30,984 Logged user: jason_mckozijash
2020-05-26 21:00:40,648 Logged user: jason_mckozijash
2020-05-26 21:00:50,304 Logged user: jason_mckozijash
2020-05-26 21:01:00,031 Logged user: jason_mckozijash
2020-05-26 21:01:09,648 Logged user: jason_mckozijash
2020-05-26 21:01:19,280 Logged user: jason_mckozijash
2020-05-26 21:01:28,979 Logged user: jason_mckozijash
2020-05-26 21:01:38,696 Logged user: jason_mckozijash
2020-05-26 21:01:48,518 Logged user: jason_mckozijash
2020-05-26 21:01:58,416 Logged user: jason_mckozijash
2020-05-26 21:02:08,250 Logged user: jason_mckozijash
2020-05-26 21:02:18,152 Logged user: jason_mckozijash
2020-05-26 21:02:28,015 Logged user: jason_mckozijash
2020-05-26 21:02:37,848 Logged user: jason_mckozijash
2020-05-26 21:02:47,683 Logged user: jason_mckozijash
2020-05-26 21:02:57,599 Logged user: jason_mckozijash
2020-05-26 21:03:07,446 Logged user: jason_mckozijash
2020-05-26 21:03:17,282 Logged user: jason_mckozijash
2020-05-26 21:03:27,131 Logged user: jason_mckozijash
2020-05-26 21:03:36,979 Logged user: jason_mckozijash
2020-05-26 21:03:46,813 Logged user: jason_mckozijash
2020-05-26 21:03:56,862 Logged user: jason_mckozijash
2020-05-26 21:04:06,743 Logged user: jason_mckozijash
2020-05-26 21:04:16,577 Logged user: jason_mckozijash
2020-05-26 21:04:26,379 Logged user: jason_mckozijash
2020-05-26 21:04:36,182 Logged user: jason_mckozijash
2020-05-26 21:04:46,145 Logged user: jason_mckozijash
2020-05-26 21:04:55,960 Logged user: jason_mckozijash
2020-05-26 21:05:05,740 Logged user: jason_mckozijash
2020-05-26 21:05:15,675 Logged user: jason_mckozijash
2020-05-26 21:05:25,491 Logged user: jason_mckozijash
2020-05-26 21:05:35,293 Logged user: jason_mckozijash
2020-05-26 21:05:45,357 Logged user: jason_mckozijash
2020-05-26 21:05:55,191 Logged user: jason_mckozijash
2020-05-26 21:06:04,992 Logged user: jason_mckozijash
2020-05-26 21:06:14,823 Logged user: jason_mckozijash
2020-05-26 21:06:24,823 Logged user: jason_mckozijash
2020-05-26 21:06:34,691 Logged user: jason_mckozijash
2020-05-26 21:06:44,604 Logged user: jason_mckozijash
2020-05-26 21:06:54,438 Logged user: jason_mckozijash
2020-05-26 21:07:04,272 Logged user: jason_mckozijash
2020-05-26 21:07:14,120 Logged user: jason_mckozijash
2020-05-26 21:07:23,954 Logged user: jason_mckozijash
2020-05-26 21:07:33,819 Logged user: jason_mckozijash
2020-05-26 21:07:43,900 Logged user: jason_mckozijash
2020-05-26 21:07:53,771 Logged user: jason_mckozijash
2020-05-26 21:08:03,620 Logged user: jason_mckozijash
2020-05-26 21:08:13,482 Logged user: jason_mckozijash
2020-05-26 21:08:23,335 Logged user: jason_mckozijash
2020-05-26 21:08:33,153 Logged user: jason_mckozijash
2020-05-26 21:08:43,103 Logged user: jason_mckozijash
2020-05-26 21:08:52,917 Logged user: jason_mckozijash
2020-05-26 21:09:02,701 Logged user: jason_mckozijash
2020-05-26 21:09:12,499 Logged user: jason_mckozijash
2020-05-26 21:09:22,417 Logged user: jason_mckozijash
2020-05-26 21:09:32,248 Logged user: jason_mckozijash
2020-06-01 12:21:34,502 Logged user: jason_mckozijash
2020-06-01 12:21:34,511 Like count: 2
2020-06-01 12:21:34,511 Sleep time: 10
2020-06-01 12:21:34,511 Liking hashtag: hightatras
2020-06-01 12:22:25,474 Logged user: jason_mckozijash
2020-06-01 12:22:25,477 Like count: 2
2020-06-01 12:22:25,477 Sleep time: 10
2020-06-01 12:22:25,477 Liking explore page
2020-06-01 12:22:36,502 Round liked: 2 posts
2020-06-01 12:22:36,502 Waiting for 10 seconds till 2020-06-01 12:22:46.502740
2020-06-01 12:23:08,668 Logged user: jason_mckozijash
2020-06-01 12:23:08,671 Like count: 2
2020-06-01 12:23:08,671 Sleep time: 10
2020-06-01 12:23:08,671 Liking explore page
2020-06-01 12:23:20,528 Round liked: 1 posts
2020-06-01 12:23:20,528 Waiting for 10 seconds till 2020-06-01 12:23:30.528774
2020-06-01 12:23:40,317 Logged user: jason_mckozijash
2020-06-01 12:23:40,317 Like count: 2
2020-06-01 12:23:40,317 Sleep time: 10
2020-06-01 12:23:40,318 Liking hashtag: dnescestujem
2020-06-01 12:23:56,747 Round liked: 1 posts
2020-06-01 12:23:56,747 Waiting for 10 seconds till 2020-06-01 12:24:06.747338
2020-06-11 15:58:40,629 Logged user: jason_mckozijash
2020-06-11 15:58:40,638 Like count: 2
2020-06-11 15:58:40,639 Sleep time: 10
2020-06-11 15:58:40,639 Liking hashtag: dnescestujem
2020-06-11 15:58:54,651 Round liked: 2 posts
2020-06-11 15:58:54,652 Waiting for 10 seconds till 2020-06-11 15:59:04.652085
2020-06-11 15:59:14,294 Logged user: jason_mckozijash
2020-06-11 15:59:14,295 Like count: 2
2020-06-11 15:59:14,295 Sleep time: 10
2020-06-11 15:59:14,295 Liking explore page
2020-06-11 15:59:28,195 Round liked: 2 posts
2020-06-11 15:59:28,196 Waiting for 10 seconds till 2020-06-11 15:59:38.195911
2020-06-15 13:58:08,958 Logged user: jason_mckozijash
2020-06-15 13:58:08,982 Like count: 2
2020-06-15 13:58:08,983 Sleep time: 10
2020-06-15 13:58:08,983 Liking hashtag: nikond7200
2020-06-15 13:59:04,589 Logged user: jason_mckozijash
2020-06-15 13:59:04,594 Like count: 2
2020-06-15 13:59:04,595 Sleep time: 10
2020-06-15 13:59:04,596 Liking hashtag: nikond7200
2020-06-15 13:59:18,144 Round liked: 1 posts
2020-06-15 13:59:18,147 Waiting for 10 seconds till 2020-06-15 13:59:28.144691
2020-06-15 13:59:38,875 Logged user: jason_mckozijash
2020-06-15 13:59:38,878 Like count: 2
2020-06-15 13:59:38,879 Sleep time: 10
2020-06-15 13:59:38,879 Liking explore page
2020-06-15 13:59:53,318 Round liked: 2 posts
2020-06-15 13:59:53,323 Waiting for 10 seconds till 2020-06-15 14:00:03.318940
2020-06-15 14:00:14,231 Logged user: jason_mckozijash
2020-06-15 14:00:14,232 Like count: 2
2020-06-15 14:00:14,233 Sleep time: 10
2020-06-15 14:00:14,234 Liking hashtag: nikond7200
2020-06-15 14:00:31,265 Round liked: 2 posts
2020-06-15 14:00:31,266 Waiting for 10 seconds till 2020-06-15 14:00:41.266225
2020-06-15 14:00:52,306 Logged user: jason_mckozijash
2020-06-15 14:00:52,308 Like count: 2
2020-06-15 14:00:52,309 Sleep time: 10
2020-06-15 14:00:52,309 Liking hashtag: backpacking
